composeApp/build/intermediates/manifest_merge_blame_file/debug/processDebugMainManifest/manifest-merger-blame-debug-report.txt
1<?xml version="1.0" encoding="utf-8"?>
2<manifest xmlns:android="http://schemas.android.com/apk/res/android"
3    package="br.com.brunocarvalhs.howmuch"
4    android:versionCode="1"
5    android:versionName="1.0" >
6
7    <uses-sdk
8        android:minSdkVersion="25"
9        android:targetSdkVersion="36" />
10
11    <uses-permission android:name="android.permission.INTERNET" />
11-->[com.google.firebase:firebase-perf:22.0.1] AndroidManifest.xml:8:5-67
11-->[com.google.firebase:firebase-perf:22.0.1] AndroidManifest.xml:8:22-64
12    <uses-permission android:name="android.permission.ACCESS_NETWORK_STATE" />
12-->[com.google.android.gms:play-services-measurement:23.0.0] AndroidManifest.xml:24:5-79
12-->[com.google.android.gms:play-services-measurement:23.0.0] AndroidManifest.xml:24:22-76
13    <uses-permission android:name="android.permission.WAKE_LOCK" />
13-->[com.google.android.gms:play-services-measurement:23.0.0] AndroidManifest.xml:25:5-68
13-->[com.google.android.gms:play-services-measurement:23.0.0] AndroidManifest.xml:25:22-65
14    <uses-permission android:name="com.google.android.finsky.permission.BIND_GET_INSTALL_REFERRER_SERVICE" />
14-->[com.google.android.gms:play-services-measurement:23.0.0] AndroidManifest.xml:26:5-110
14-->[com.google.android.gms:play-services-measurement:23.0.0] AndroidManifest.xml:26:22-107
15    <uses-permission android:name="com.google.android.gms.permission.AD_ID" />
15-->[com.google.android.gms:play-services-measurement-api:23.0.0] AndroidManifest.xml:25:5-79
15-->[com.google.android.gms:play-services-measurement-api:23.0.0] AndroidManifest.xml:25:22-76
16    <uses-permission android:name="android.permission.ACCESS_ADSERVICES_ATTRIBUTION" />
16-->[com.google.android.gms:play-services-measurement-api:23.0.0] AndroidManifest.xml:26:5-88
16-->[com.google.android.gms:play-services-measurement-api:23.0.0] AndroidManifest.xml:26:22-85
17    <uses-permission android:name="android.permission.ACCESS_ADSERVICES_AD_ID" />
17-->[com.google.android.gms:play-services-measurement-api:23.0.0] AndroidManifest.xml:27:5-82
17-->[com.google.android.gms:play-services-measurement-api:23.0.0] AndroidManifest.xml:27:22-79
18
19    <permission
19-->[androidx.core:core:1.17.0] AndroidManifest.xml:22:5-24:47
20        android:name="br.com.brunocarvalhs.howmuch.DYNAMIC_RECEIVER_NOT_EXPORTED_PERMISSION"
20-->[androidx.core:core:1.17.0] AndroidManifest.xml:23:9-81
21        android:protectionLevel="signature" />
21-->[androidx.core:core:1.17.0] AndroidManifest.xml:24:9-44
22
23    <uses-permission android:name="br.com.brunocarvalhs.howmuch.DYNAMIC_RECEIVER_NOT_EXPORTED_PERMISSION" />
23-->[androidx.core:core:1.17.0] AndroidManifest.xml:26:5-97
23-->[androidx.core:core:1.17.0] AndroidManifest.xml:26:22-94
24
25    <application
25-->src/androidMain/AndroidManifest.xml:4:5-20:19
26        android:allowBackup="true"
26-->src/androidMain/AndroidManifest.xml:5:9-35
27        android:appComponentFactory="androidx.core.app.CoreComponentFactory"
27-->[androidx.core:core:1.17.0] AndroidManifest.xml:28:18-86
28        android:debuggable="true"
29        android:extractNativeLibs="false"
30        android:icon="@mipmap/ic_launcher"
30-->src/androidMain/AndroidManifest.xml:6:9-43
31        android:label="@string/app_name"
31-->src/androidMain/AndroidManifest.xml:7:9-41
32        android:roundIcon="@mipmap/ic_launcher_round"
32-->src/androidMain/AndroidManifest.xml:8:9-54
33        android:supportsRtl="true"
33-->src/androidMain/AndroidManifest.xml:9:9-35
34        android:theme="@android:style/Theme.Material.Light.NoActionBar" >
34-->src/androidMain/AndroidManifest.xml:10:9-72
35        <activity
35-->src/androidMain/AndroidManifest.xml:11:9-19:20
36            android:name="br.com.brunocarvalhs.howmuch.MainActivity"
36-->src/androidMain/AndroidManifest.xml:13:13-41
37            android:exported="true" >
37-->src/androidMain/AndroidManifest.xml:12:13-36
38            <intent-filter>
38-->src/androidMain/AndroidManifest.xml:14:13-18:29
39                <action android:name="android.intent.action.MAIN" />
39-->src/androidMain/AndroidManifest.xml:15:17-69
39-->src/androidMain/AndroidManifest.xml:15:25-66
40
41                <category android:name="android.intent.category.LAUNCHER" />
41-->src/androidMain/AndroidManifest.xml:17:17-77
41-->src/androidMain/AndroidManifest.xml:17:27-74
42            </intent-filter>
43        </activity>
44
45        <provider
45-->[org.jetbrains.compose.components:components-resources-android:1.9.0] AndroidManifest.xml:8:9-13:20
46            android:name="org.jetbrains.compose.resources.AndroidContextProvider"
46-->[org.jetbrains.compose.components:components-resources-android:1.9.0] AndroidManifest.xml:9:13-82
47            android:authorities="br.com.brunocarvalhs.howmuch.resources.AndroidContextProvider"
47-->[org.jetbrains.compose.components:components-resources-android:1.9.0] AndroidManifest.xml:10:13-84
48            android:enabled="true"
48-->[org.jetbrains.compose.components:components-resources-android:1.9.0] AndroidManifest.xml:11:13-35
49            android:exported="false" >
49-->[org.jetbrains.compose.components:components-resources-android:1.9.0] AndroidManifest.xml:12:13-37
50        </provider>
51
52        <uses-library
52-->[androidx.wear.compose:compose-foundation:1.5.0] AndroidManifest.xml:23:9-25:40
53            android:name="wear-sdk"
53-->[androidx.wear.compose:compose-foundation:1.5.0] AndroidManifest.xml:24:13-36
54            android:required="false" />
54-->[androidx.wear.compose:compose-foundation:1.5.0] AndroidManifest.xml:25:13-37
55
56        <activity
56-->[androidx.compose.ui:ui-tooling-android:1.9.0] AndroidManifest.xml:23:9-25:39
57            android:name="androidx.compose.ui.tooling.PreviewActivity"
57-->[androidx.compose.ui:ui-tooling-android:1.9.0] AndroidManifest.xml:24:13-71
58            android:exported="true" />
58-->[androidx.compose.ui:ui-tooling-android:1.9.0] AndroidManifest.xml:25:13-36
59
60        <service
60-->[com.google.firebase:firebase-perf:22.0.1] AndroidManifest.xml:11:9-20:19
61            android:name="com.google.firebase.components.ComponentDiscoveryService"
61-->[com.google.firebase:firebase-perf:22.0.1] AndroidManifest.xml:12:13-84
62            android:directBootAware="true"
62-->[com.google.firebase:firebase-common:22.0.0] AndroidManifest.xml:32:13-43
63            android:exported="false" >
63-->[com.google.firebase:firebase-perf:22.0.1] AndroidManifest.xml:13:13-37
64            <meta-data
64-->[com.google.firebase:firebase-perf:22.0.1] AndroidManifest.xml:14:13-16:85
65                android:name="com.google.firebase.components:com.google.firebase.perf.FirebasePerfKtxRegistrar"
65-->[com.google.firebase:firebase-perf:22.0.1] AndroidManifest.xml:15:17-112
66                android:value="com.google.firebase.components.ComponentRegistrar" />
66-->[com.google.firebase:firebase-perf:22.0.1] AndroidManifest.xml:16:17-82
67            <meta-data
67-->[com.google.firebase:firebase-perf:22.0.1] AndroidManifest.xml:17:13-19:85
68                android:name="com.google.firebase.components:com.google.firebase.perf.FirebasePerfRegistrar"
68-->[com.google.firebase:firebase-perf:22.0.1] AndroidManifest.xml:18:17-109
69                android:value="com.google.firebase.components.ComponentRegistrar" />
69-->[com.google.firebase:firebase-perf:22.0.1] AndroidManifest.xml:19:17-82
70            <meta-data
70-->[com.google.android.gms:play-services-measurement-api:23.0.0] AndroidManifest.xml:33:13-35:85
71                android:name="com.google.firebase.components:com.google.firebase.analytics.connector.internal.AnalyticsConnectorRegistrar"
71-->[com.google.android.gms:play-services-measurement-api:23.0.0] AndroidManifest.xml:34:17-139
72                android:value="com.google.firebase.components.ComponentRegistrar" />
72-->[com.google.android.gms:play-services-measurement-api:23.0.0] AndroidManifest.xml:35:17-82
73            <meta-data
73-->[com.google.firebase:firebase-crashlytics:20.0.1] AndroidManifest.xml:15:13-17:85
74                android:name="com.google.firebase.components:com.google.firebase.crashlytics.FirebaseCrashlyticsKtxRegistrar"
74-->[com.google.firebase:firebase-crashlytics:20.0.1] AndroidManifest.xml:16:17-126
75                android:value="com.google.firebase.components.ComponentRegistrar" />
75-->[com.google.firebase:firebase-crashlytics:20.0.1] AndroidManifest.xml:17:17-82
76            <meta-data
76-->[com.google.firebase:firebase-crashlytics:20.0.1] AndroidManifest.xml:18:13-20:85
77                android:name="com.google.firebase.components:com.google.firebase.crashlytics.CrashlyticsRegistrar"
77-->[com.google.firebase:firebase-crashlytics:20.0.1] AndroidManifest.xml:19:17-115
78                android:value="com.google.firebase.components.ComponentRegistrar" />
78-->[com.google.firebase:firebase-crashlytics:20.0.1] AndroidManifest.xml:20:17-82
79            <meta-data
79-->[com.google.firebase:firebase-config:23.0.0] AndroidManifest.xml:29:13-31:85
80                android:name="com.google.firebase.components:com.google.firebase.remoteconfig.FirebaseRemoteConfigKtxRegistrar"
80-->[com.google.firebase:firebase-config:23.0.0] AndroidManifest.xml:30:17-128
81                android:value="com.google.firebase.components.ComponentRegistrar" />
81-->[com.google.firebase:firebase-config:23.0.0] AndroidManifest.xml:31:17-82
82            <meta-data
82-->[com.google.firebase:firebase-config:23.0.0] AndroidManifest.xml:32:13-34:85
83                android:name="com.google.firebase.components:com.google.firebase.remoteconfig.RemoteConfigRegistrar"
83-->[com.google.firebase:firebase-config:23.0.0] AndroidManifest.xml:33:17-117
84                android:value="com.google.firebase.components.ComponentRegistrar" />
84-->[com.google.firebase:firebase-config:23.0.0] AndroidManifest.xml:34:17-82
85            <meta-data
85-->[com.google.firebase:firebase-abt:21.1.1] AndroidManifest.xml:12:13-14:85
86                android:name="com.google.firebase.components:com.google.firebase.abt.component.AbtRegistrar"
86-->[com.google.firebase:firebase-abt:21.1.1] AndroidManifest.xml:13:17-109
87                android:value="com.google.firebase.components.ComponentRegistrar" />
87-->[com.google.firebase:firebase-abt:21.1.1] AndroidManifest.xml:14:17-82
88            <meta-data
88-->[com.google.firebase:firebase-database-ktx:21.0.0] AndroidManifest.xml:12:13-14:85
89                android:name="com.google.firebase.components:com.google.firebase.database.ktx.FirebaseDatabaseLegacyRegistrar"
89-->[com.google.firebase:firebase-database-ktx:21.0.0] AndroidManifest.xml:13:17-127
90                android:value="com.google.firebase.components.ComponentRegistrar" />
90-->[com.google.firebase:firebase-database-ktx:21.0.0] AndroidManifest.xml:14:17-82
91            <meta-data
91-->[com.google.firebase:firebase-sessions:3.0.1] AndroidManifest.xml:25:13-27:85
92                android:name="com.google.firebase.components:com.google.firebase.sessions.FirebaseSessionsRegistrar"
92-->[com.google.firebase:firebase-sessions:3.0.1] AndroidManifest.xml:26:17-117
93                android:value="com.google.firebase.components.ComponentRegistrar" />
93-->[com.google.firebase:firebase-sessions:3.0.1] AndroidManifest.xml:27:17-82
94            <meta-data
94-->[com.google.firebase:firebase-installations:19.0.0] AndroidManifest.xml:15:13-17:85
95                android:name="com.google.firebase.components:com.google.firebase.installations.FirebaseInstallationsKtxRegistrar"
95-->[com.google.firebase:firebase-installations:19.0.0] AndroidManifest.xml:16:17-130
96                android:value="com.google.firebase.components.ComponentRegistrar" />
96-->[com.google.firebase:firebase-installations:19.0.0] AndroidManifest.xml:17:17-82
97            <meta-data
97-->[com.google.firebase:firebase-installations:19.0.0] AndroidManifest.xml:18:13-20:85
98                android:name="com.google.firebase.components:com.google.firebase.installations.FirebaseInstallationsRegistrar"
98-->[com.google.firebase:firebase-installations:19.0.0] AndroidManifest.xml:19:17-127
99                android:value="com.google.firebase.components.ComponentRegistrar" />
99-->[com.google.firebase:firebase-installations:19.0.0] AndroidManifest.xml:20:17-82
100            <meta-data
100-->[com.google.firebase:firebase-common-ktx:21.0.0] AndroidManifest.xml:12:13-14:85
101                android:name="com.google.firebase.components:com.google.firebase.ktx.FirebaseCommonLegacyRegistrar"
101-->[com.google.firebase:firebase-common-ktx:21.0.0] AndroidManifest.xml:13:17-116
102                android:value="com.google.firebase.components.ComponentRegistrar" />
102-->[com.google.firebase:firebase-common-ktx:21.0.0] AndroidManifest.xml:14:17-82
103            <meta-data
103-->[com.google.firebase:firebase-database:22.0.0] AndroidManifest.xml:29:13-31:85
104                android:name="com.google.firebase.components:com.google.firebase.database.FirebaseDatabaseKtxRegistrar"
104-->[com.google.firebase:firebase-database:22.0.0] AndroidManifest.xml:30:17-120
105                android:value="com.google.firebase.components.ComponentRegistrar" />
105-->[com.google.firebase:firebase-database:22.0.0] AndroidManifest.xml:31:17-82
106            <meta-data
106-->[com.google.firebase:firebase-database:22.0.0] AndroidManifest.xml:32:13-34:85
107                android:name="com.google.firebase.components:com.google.firebase.database.DatabaseRegistrar"
107-->[com.google.firebase:firebase-database:22.0.0] AndroidManifest.xml:33:17-109
108                android:value="com.google.firebase.components.ComponentRegistrar" />
108-->[com.google.firebase:firebase-database:22.0.0] AndroidManifest.xml:34:17-82
109            <meta-data
109-->[com.google.firebase:firebase-common:22.0.0] AndroidManifest.xml:35:13-37:85
110                android:name="com.google.firebase.components:com.google.firebase.FirebaseCommonKtxRegistrar"
110-->[com.google.firebase:firebase-common:22.0.0] AndroidManifest.xml:36:17-109
111                android:value="com.google.firebase.components.ComponentRegistrar" />
111-->[com.google.firebase:firebase-common:22.0.0] AndroidManifest.xml:37:17-82
112            <meta-data
112-->[com.google.firebase:firebase-datatransport:19.0.0] AndroidManifest.xml:25:13-27:85
113                android:name="com.google.firebase.components:com.google.firebase.datatransport.TransportRegistrar"
113-->[com.google.firebase:firebase-datatransport:19.0.0] AndroidManifest.xml:26:17-115
114                android:value="com.google.firebase.components.ComponentRegistrar" />
114-->[com.google.firebase:firebase-datatransport:19.0.0] AndroidManifest.xml:27:17-82
115        </service>
116
117        <receiver
117-->[com.google.android.gms:play-services-measurement:23.0.0] AndroidManifest.xml:29:9-33:20
118            android:name="com.google.android.gms.measurement.AppMeasurementReceiver"
118-->[com.google.android.gms:play-services-measurement:23.0.0] AndroidManifest.xml:30:13-85
119            android:enabled="true"
119-->[com.google.android.gms:play-services-measurement:23.0.0] AndroidManifest.xml:31:13-35
120            android:exported="false" >
120-->[com.google.android.gms:play-services-measurement:23.0.0] AndroidManifest.xml:32:13-37
121        </receiver>
122
123        <service
123-->[com.google.android.gms:play-services-measurement:23.0.0] AndroidManifest.xml:35:9-38:40
124            android:name="com.google.android.gms.measurement.AppMeasurementService"
124-->[com.google.android.gms:play-services-measurement:23.0.0] AndroidManifest.xml:36:13-84
125            android:enabled="true"
125-->[com.google.android.gms:play-services-measurement:23.0.0] AndroidManifest.xml:37:13-35
126            android:exported="false" />
126-->[com.google.android.gms:play-services-measurement:23.0.0] AndroidManifest.xml:38:13-37
127        <service
127-->[com.google.android.gms:play-services-measurement:23.0.0] AndroidManifest.xml:39:9-43:72
128            android:name="com.google.android.gms.measurement.AppMeasurementJobService"
128-->[com.google.android.gms:play-services-measurement:23.0.0] AndroidManifest.xml:40:13-87
129            android:enabled="true"
129-->[com.google.android.gms:play-services-measurement:23.0.0] AndroidManifest.xml:41:13-35
130            android:exported="false"
130-->[com.google.android.gms:play-services-measurement:23.0.0] AndroidManifest.xml:42:13-37
131            android:permission="android.permission.BIND_JOB_SERVICE" />
131-->[com.google.android.gms:play-services-measurement:23.0.0] AndroidManifest.xml:43:13-69
132
133        <provider
133-->[com.google.firebase:firebase-common:22.0.0] AndroidManifest.xml:23:9-28:39
134            android:name="com.google.firebase.provider.FirebaseInitProvider"
134-->[com.google.firebase:firebase-common:22.0.0] AndroidManifest.xml:24:13-77
135            android:authorities="br.com.brunocarvalhs.howmuch.firebaseinitprovider"
135-->[com.google.firebase:firebase-common:22.0.0] AndroidManifest.xml:25:13-72
136            android:directBootAware="true"
136-->[com.google.firebase:firebase-common:22.0.0] AndroidManifest.xml:26:13-43
137            android:exported="false"
137-->[com.google.firebase:firebase-common:22.0.0] AndroidManifest.xml:27:13-37
138            android:initOrder="100" />
138-->[com.google.firebase:firebase-common:22.0.0] AndroidManifest.xml:28:13-36
139
140        <activity
140-->[com.google.android.gms:play-services-base:18.5.0] AndroidManifest.xml:5:9-173
141            android:name="com.google.android.gms.common.api.GoogleApiActivity"
141-->[com.google.android.gms:play-services-base:18.5.0] AndroidManifest.xml:5:19-85
142            android:exported="false"
142-->[com.google.android.gms:play-services-base:18.5.0] AndroidManifest.xml:5:146-170
143            android:theme="@android:style/Theme.Translucent.NoTitleBar" />
143-->[com.google.android.gms:play-services-base:18.5.0] AndroidManifest.xml:5:86-145
144
145        <uses-library
145-->[androidx.privacysandbox.ads:ads-adservices:1.1.0-beta11] AndroidManifest.xml:23:9-25:40
146            android:name="android.ext.adservices"
146-->[androidx.privacysandbox.ads:ads-adservices:1.1.0-beta11] AndroidManifest.xml:24:13-50
147            android:required="false" />
147-->[androidx.privacysandbox.ads:ads-adservices:1.1.0-beta11] AndroidManifest.xml:25:13-37
148
149        <provider
149-->[androidx.emoji2:emoji2:1.4.0] AndroidManifest.xml:24:9-32:20
150            android:name="androidx.startup.InitializationProvider"
150-->[androidx.emoji2:emoji2:1.4.0] AndroidManifest.xml:25:13-67
151            android:authorities="br.com.brunocarvalhs.howmuch.androidx-startup"
151-->[androidx.emoji2:emoji2:1.4.0] AndroidManifest.xml:26:13-68
152            android:exported="false" >
152-->[androidx.emoji2:emoji2:1.4.0] AndroidManifest.xml:27:13-37
153            <meta-data
153-->[androidx.emoji2:emoji2:1.4.0] AndroidManifest.xml:29:13-31:52
154                android:name="androidx.emoji2.text.EmojiCompatInitializer"
154-->[androidx.emoji2:emoji2:1.4.0] AndroidManifest.xml:30:17-75
155                android:value="androidx.startup" />
155-->[androidx.emoji2:emoji2:1.4.0] AndroidManifest.xml:31:17-49
156            <meta-data
156-->[androidx.lifecycle:lifecycle-process:2.9.4] AndroidManifest.xml:29:13-31:52
157                android:name="androidx.lifecycle.ProcessLifecycleInitializer"
157-->[androidx.lifecycle:lifecycle-process:2.9.4] AndroidManifest.xml:30:17-78
158                android:value="androidx.startup" />
158-->[androidx.lifecycle:lifecycle-process:2.9.4] AndroidManifest.xml:31:17-49
159            <meta-data
159-->[androidx.profileinstaller:profileinstaller:1.4.0] AndroidManifest.xml:29:13-31:52
160                android:name="androidx.profileinstaller.ProfileInstallerInitializer"
160-->[androidx.profileinstaller:profileinstaller:1.4.0] AndroidManifest.xml:30:17-85
161                android:value="androidx.startup" />
161-->[androidx.profileinstaller:profileinstaller:1.4.0] AndroidManifest.xml:31:17-49
162        </provider>
163
164        <meta-data
164-->[com.google.android.gms:play-services-basement:18.5.0] AndroidManifest.xml:21:9-23:69
165            android:name="com.google.android.gms.version"
165-->[com.google.android.gms:play-services-basement:18.5.0] AndroidManifest.xml:22:13-58
166            android:value="@integer/google_play_services_version" />
166-->[com.google.android.gms:play-services-basement:18.5.0] AndroidManifest.xml:23:13-66
167
168        <activity
168-->[androidx.compose.ui:ui-test-manifest:1.9.0] AndroidManifest.xml:23:9-26:79
169            android:name="androidx.activity.ComponentActivity"
169-->[androidx.compose.ui:ui-test-manifest:1.9.0] AndroidManifest.xml:24:13-63
170            android:exported="true"
170-->[androidx.compose.ui:ui-test-manifest:1.9.0] AndroidManifest.xml:25:13-36
171            android:theme="@android:style/Theme.Material.Light.NoActionBar" />
171-->[androidx.compose.ui:ui-test-manifest:1.9.0] AndroidManifest.xml:26:13-76
172
173        <receiver
173-->[androidx.profileinstaller:profileinstaller:1.4.0] AndroidManifest.xml:34:9-52:20
174            android:name="androidx.profileinstaller.ProfileInstallReceiver"
174-->[androidx.profileinstaller:profileinstaller:1.4.0] AndroidManifest.xml:35:13-76
175            android:directBootAware="false"
175-->[androidx.profileinstaller:profileinstaller:1.4.0] AndroidManifest.xml:36:13-44
176            android:enabled="true"
176-->[androidx.profileinstaller:profileinstaller:1.4.0] AndroidManifest.xml:37:13-35
177            android:exported="true"
177-->[androidx.profileinstaller:profileinstaller:1.4.0] AndroidManifest.xml:38:13-36
178            android:permission="android.permission.DUMP" >
178-->[androidx.profileinstaller:profileinstaller:1.4.0] AndroidManifest.xml:39:13-57
179            <intent-filter>
179-->[androidx.profileinstaller:profileinstaller:1.4.0] AndroidManifest.xml:40:13-42:29
180                <action android:name="androidx.profileinstaller.action.INSTALL_PROFILE" />
180-->[androidx.profileinstaller:profileinstaller:1.4.0] AndroidManifest.xml:41:17-91
180-->[androidx.profileinstaller:profileinstaller:1.4.0] AndroidManifest.xml:41:25-88
181            </intent-filter>
182            <intent-filter>
182-->[androidx.profileinstaller:profileinstaller:1.4.0] AndroidManifest.xml:43:13-45:29
183                <action android:name="androidx.profileinstaller.action.SKIP_FILE" />
183-->[androidx.profileinstaller:profileinstaller:1.4.0] AndroidManifest.xml:44:17-85
183-->[androidx.profileinstaller:profileinstaller:1.4.0] AndroidManifest.xml:44:25-82
184            </intent-filter>
185            <intent-filter>
185-->[androidx.profileinstaller:profileinstaller:1.4.0] AndroidManifest.xml:46:13-48:29
186                <action android:name="androidx.profileinstaller.action.SAVE_PROFILE" />
186-->[androidx.profileinstaller:profileinstaller:1.4.0] AndroidManifest.xml:47:17-88
186-->[androidx.profileinstaller:profileinstaller:1.4.0] AndroidManifest.xml:47:25-85
187            </intent-filter>
188            <intent-filter>
188-->[androidx.profileinstaller:profileinstaller:1.4.0] AndroidManifest.xml:49:13-51:29
189                <action android:name="androidx.profileinstaller.action.BENCHMARK_OPERATION" />
189-->[androidx.profileinstaller:profileinstaller:1.4.0] AndroidManifest.xml:50:17-95
189-->[androidx.profileinstaller:profileinstaller:1.4.0] AndroidManifest.xml:50:25-92
190            </intent-filter>
191        </receiver>
192
193        <service
193-->[com.google.android.datatransport:transport-backend-cct:3.3.0] AndroidManifest.xml:26:9-32:19
194            android:name="com.google.android.datatransport.runtime.backends.TransportBackendDiscovery"
194-->[com.google.android.datatransport:transport-backend-cct:3.3.0] AndroidManifest.xml:27:13-103
195            android:exported="false" >
195-->[com.google.android.datatransport:transport-backend-cct:3.3.0] AndroidManifest.xml:28:13-37
196            <meta-data
196-->[com.google.android.datatransport:transport-backend-cct:3.3.0] AndroidManifest.xml:29:13-31:39
197                android:name="backend:com.google.android.datatransport.cct.CctBackendFactory"
197-->[com.google.android.datatransport:transport-backend-cct:3.3.0] AndroidManifest.xml:30:17-94
198                android:value="cct" />
198-->[com.google.android.datatransport:transport-backend-cct:3.3.0] AndroidManifest.xml:31:17-36
199        </service>
200        <service
200-->[com.google.android.datatransport:transport-runtime:3.3.0] AndroidManifest.xml:24:9-28:19
201            android:name="com.google.android.datatransport.runtime.scheduling.jobscheduling.JobInfoSchedulerService"
201-->[com.google.android.datatransport:transport-runtime:3.3.0] AndroidManifest.xml:25:13-117
202            android:exported="false"
202-->[com.google.android.datatransport:transport-runtime:3.3.0] AndroidManifest.xml:26:13-37
203            android:permission="android.permission.BIND_JOB_SERVICE" >
203-->[com.google.android.datatransport:transport-runtime:3.3.0] AndroidManifest.xml:27:13-69
204        </service>
205
206        <receiver
206-->[com.google.android.datatransport:transport-runtime:3.3.0] AndroidManifest.xml:30:9-32:40
207            android:name="com.google.android.datatransport.runtime.scheduling.jobscheduling.AlarmManagerSchedulerBroadcastReceiver"
207-->[com.google.android.datatransport:transport-runtime:3.3.0] AndroidManifest.xml:31:13-132
208            android:exported="false" />
208-->[com.google.android.datatransport:transport-runtime:3.3.0] AndroidManifest.xml:32:13-37
209    </application>
210
211</manifest>